{"logTime": "0517/095102", "correlationVector":"IVkkBmtH8zv833zfmI6g7c.1","action":"SyncServerConnectionManagerRequest", "result":"SYNC_SERVER_OK", "context":{"environment":"Prod_southeastasia_prod-s01-064-apac-southeastasia", "migrationStage":"NotStarted", "server":"akswtt00000000n"}}
{"logTime": "0517/095102", "correlationVector":"IVkkBmtH8zv833zfmI6g7c.2","action":"ProcessGetUpdates", "result":"Done", "context":{"dataType":"Encryption Keys", "deleted":"0", "process_failed_to_decrypt":"0", "process_pending_decryption":"0", "process_success":"1", "total":"1"}}
{"logTime": "0517/095103", "correlationVector":"3V/FZVbdkV8Wf5BBrJi01z","action":"SyncServerConnectionManagerRequest", "result":"SYNC_SERVER_OK", "context":{"environment":"", "migrationStage":"", "server":""}}
{"logTime": "0517/095103", "correlationVector":"3V/FZVbdkV8Wf5BBrJi01z.0","action":"EncryptionKeysFetcher.DownloadKeys:", "result":"Success", "context":Key count: 10, Last key timestamp: 2025-11-27T13:32:47Z}
{"logTime": "0517/095103", "correlationVector":"3V/FZVbdkV8Wf5BBrJi01z.1","action":"EncryptionKeysManager::SetEncryptionKeys:", "result":"Success", "context":Key names[10]:[TGk3kT4kkMEYwqvbPwk6fQNIhVw2vt5bJIBxPkyEoAMokNfnAPV1QTzP8ZY6hHYg7NXkQuu64dFvp3Jz+sYdzw==][jNBltcT6ClAhfegVwFFxFluHE26PX+Sbp44a58mwZuV1hPx62BsqD5TKHnIr/ULbFnWzXi8x0wgI8KhkWMreNg==][yR945q92+stAr1ouefAzRczQQbuZDYWYiVU5djZoqSXrZ812HR2tePpetz8PuylSWzyisDRKpSNEaTmkR63IKA==][6GoiUCfy9FezQ5HtCL+jQ/9CB4b+g0IjyAsW1MQhUf2G6H2rywcicseXSIS/ka6x3bDA5W9HyNY99b3gxVqdBQ==][q5g2Z09OyYyxkpqVII4V9MPmga+VVxUvove6Uwhur/heQkBu5YZS56t5YLQppeImicquawpcc6NW1EbabblnQA==][Kzh7Lkl+6zKFAwJkizTQNuiTiA4mTkEgJzzA1mqJ/+3M/TAgNv51KLzUpPYWm6WSBAogMw8n0CAVhcYv16Vx6Q==][D+XWxKjjv1oJdvpxsKuiqM5SFNH+sVhDe20u3HZQGh4nvEGMKR73M7RSZgIuPXeRe0EQLUkGfwVjN4qqOU/g8g==][pZE6LktzX1WKupEROFt1pE5otZwh3QinrllWLxuFfTWQOH9AHGfGG7P0aYvRSmxl7A1dzb3ntnRSEmrqvKJXYw==][VskJydE591UC0VhyUfrUvNat6g6wu2DhbGuCa6k86NcYziFXow99IdvQMWoiXOTsnLaTN6qe141Js278WYwfsg==][mu6JE5Tgaa2eMAv2NATVv9aBKfhasPncczV02C+TKV2sfxLBUOP0yJJl1mXPo3G8qIyc7e55poLhZMf17SykDg==]}
{"logTime": "0517/095103", "correlationVector":"3V/FZVbdkV8Wf5BBrJi01z.2","action":"EncryptionKeysManager::SetEncryptionKeysWithTimestamps:", "result":"Success", "context":Key timestamps[10]:[2021-05-06T15:14:35Z][2021-11-27T07:03:22Z][2022-05-30T09:15:32Z][2022-12-16T13:54:21Z][2023-07-02T08:55:11Z][2024-01-20T09:31:53Z][2024-07-30T09:03:26Z][2025-01-26T16:10:59Z][2025-07-26T07:28:30Z][2025-11-27T13:32:47Z]}
{"logTime": "0517/095103", "correlationVector":"IVkkBmtH8zv833zfmI6g7c","action":"Initial GetUpdates", "result":"", "context":Reason: NEW_CLIENT. cV=IVkkBmtH8zv833zfmI6g7c}
{"logTime": "0517/095103", "correlationVector":"IVkkBmtH8zv833zfmI6g7c.3","action":"GetUpdates Response", "result":"Success", "context":Received 1 update(s). cV=IVkkBmtH8zv833zfmI6g7c.0;server=akswtt00000000n;cloudType=Consumer;environment=Prod_southeastasia_prod-s01-064-apac-southeastasia;migrationStage=NotStarted}
{"logTime": "0517/095103", "correlationVector":"OPNW6Rftyl173PcD3SRtcs","action":"Initial GetUpdates", "result":"", "context":Reason: NEWLY_SUPPORTED_DATATYPE. cV=OPNW6Rftyl173PcD3SRtcs}
{"logTime": "0517/095103", "correlationVector":"OPNW6Rftyl173PcD3SRtcs.1","action":"SyncServerConnectionManagerRequest", "result":"SYNC_SERVER_OK", "context":{"environment":"Prod_southeastasia_prod-s01-065-apac-southeastasia", "migrationStage":"NotStarted", "server":"akswtt000000000"}}
{"logTime": "0517/095103", "correlationVector":"OPNW6Rftyl173PcD3SRtcs.2","action":"ProcessGetUpdates", "result":"Done", "context":{"dataType":"Preferences", "deleted":"0", "process_failed_to_decrypt":"0", "process_pending_decryption":"0", "process_success":"74", "total":"74"}}
{"logTime": "0517/095103", "correlationVector":"OPNW6Rftyl173PcD3SRtcs.3","action":"ProcessGetUpdates", "result":"Done", "context":{"dataType":"Passwords", "deleted":"0", "process_failed_to_decrypt":"0", "process_pending_decryption":"0", "process_success":"9", "total":"9"}}
{"logTime": "0517/095103", "correlationVector":"OPNW6Rftyl173PcD3SRtcs.4","action":"ProcessGetUpdates", "result":"Done", "context":{"dataType":"Device Info", "deleted":"0", "process_failed_to_decrypt":"0", "process_pending_decryption":"0", "process_success":"6", "total":"6"}}
{"logTime": "0517/095103", "correlationVector":"OPNW6Rftyl173PcD3SRtcs.5","action":"GetUpdates Response", "result":"Success", "context":Received 89 update(s). cV=OPNW6Rftyl173PcD3SRtcs.0;server=akswtt000000000;cloudType=Consumer;environment=Prod_southeastasia_prod-s01-065-apac-southeastasia;migrationStage=NotStarted}
{"logTime": "0517/095103", "correlationVector":"aWdkipK3z60E+wDpVtW3mf","action":"Initial GetUpdates", "result":"", "context":Reason: NEWLY_SUPPORTED_DATATYPE. cV=aWdkipK3z60E+wDpVtW3mf}
{"logTime": "0517/095103", "correlationVector":"aWdkipK3z60E+wDpVtW3mf.1","action":"SyncServerConnectionManagerRequest", "result":"SYNC_SERVER_OK", "context":{"environment":"Prod_southeastasia_prod-s01-065-apac-southeastasia", "migrationStage":"NotStarted", "server":"akswtt00000000j"}}
{"logTime": "0517/095103", "correlationVector":"aWdkipK3z60E+wDpVtW3mf.2","action":"ProcessGetUpdates", "result":"Done", "context":{"dataType":"Bookmarks", "deleted":"0", "process_failed_to_decrypt":"0", "process_pending_decryption":"0", "process_success":"19", "total":"19"}}
{"logTime": "0517/095103", "correlationVector":"aWdkipK3z60E+wDpVtW3mf.3","action":"GetUpdates Response", "result":"Success", "context":Received 19 update(s). cV=aWdkipK3z60E+wDpVtW3mf.0;server=akswtt00000000j;cloudType=Consumer;environment=Prod_southeastasia_prod-s01-065-apac-southeastasia;migrationStage=NotStarted}
{"logTime": "0517/095103", "correlationVector":"zzxU946T9hKNjVvUWL6uS5","action":"Initial GetUpdates", "result":"", "context":Reason: NEWLY_SUPPORTED_DATATYPE. cV=zzxU946T9hKNjVvUWL6uS5}
{"logTime": "0517/095104", "correlationVector":"zzxU946T9hKNjVvUWL6uS5.1","action":"SyncServerConnectionManagerRequest", "result":"SYNC_SERVER_OK", "context":{"environment":"Prod_southeastasia_prod-s01-065-apac-southeastasia", "migrationStage":"NotStarted", "server":"akswtt00000001k"}}
{"logTime": "0517/095104", "correlationVector":"zzxU946T9hKNjVvUWL6uS5.2","action":"ProcessGetUpdates", "result":"Done", "context":{"dataType":"Autofill Profiles", "deleted":"3", "process_failed_to_decrypt":"0", "process_pending_decryption":"0", "process_success":"9", "total":"9"}}
{"logTime": "0517/095104", "correlationVector":"zzxU946T9hKNjVvUWL6uS5.3","action":"ProcessGetUpdates", "result":"Done", "context":{"dataType":"Autofill", "deleted":"0", "process_failed_to_decrypt":"0", "process_pending_decryption":"0", "process_success":"39", "total":"39"}}
{"logTime": "0517/095104", "correlationVector":"zzxU946T9hKNjVvUWL6uS5.4","action":"ProcessGetUpdates", "result":"Done", "context":{"dataType":"Extensions", "deleted":"0", "process_failed_to_decrypt":"0", "process_pending_decryption":"0", "process_success":"1", "total":"1"}}
{"logTime": "0517/095104", "correlationVector":"zzxU946T9hKNjVvUWL6uS5.5","action":"ProcessGetUpdates", "result":"Done", "context":{"dataType":"Sessions", "deleted":"35", "process_failed_to_decrypt":"0", "process_pending_decryption":"0", "process_success":"39", "total":"39"}}
{"logTime": "0517/095104", "correlationVector":"zzxU946T9hKNjVvUWL6uS5.6","action":"ProcessGetUpdates", "result":"Done", "context":{"dataType":"Edge Hub App Usage", "deleted":"3", "process_failed_to_decrypt":"0", "process_pending_decryption":"0", "process_success":"7", "total":"7"}}
{"logTime": "0517/095104", "correlationVector":"zzxU946T9hKNjVvUWL6uS5.7","action":"GetUpdates Response", "result":"Success", "context":Received 95 update(s). cV=zzxU946T9hKNjVvUWL6uS5.0;server=akswtt00000001k;cloudType=Consumer;environment=Prod_southeastasia_prod-s01-065-apac-southeastasia;migrationStage=NotStarted}
{"logTime": "0517/095104", "correlationVector":"V2KCUE4gVZYd/XoPMI5PJo","action":"Initial GetUpdates", "result":"", "context":Reason: NEWLY_SUPPORTED_DATATYPE. cV=V2KCUE4gVZYd/XoPMI5PJo}
{"logTime": "0517/095104", "correlationVector":"V2KCUE4gVZYd/XoPMI5PJo.1","action":"SyncServerConnectionManagerRequest", "result":"SYNC_SERVER_OK", "context":{"environment":"Prod_southeastasia_prod-s01-065-apac-southeastasia", "migrationStage":"NotStarted", "server":"akswtt00000000l"}}
{"logTime": "0517/095104", "correlationVector":"V2KCUE4gVZYd/XoPMI5PJo.2","action":"ProcessGetUpdates", "result":"Done", "context":{"dataType":"History", "deleted":"0", "process_failed_to_decrypt":"0", "process_pending_decryption":"0", "process_success":"75", "total":"75"}}
{"logTime": "0517/095104", "correlationVector":"V2KCUE4gVZYd/XoPMI5PJo.3","action":"GetUpdates Response", "result":"Success", "context":Received 75 update(s). cV=V2KCUE4gVZYd/XoPMI5PJo.0;server=akswtt00000000l;cloudType=Consumer;environment=Prod_southeastasia_prod-s01-065-apac-southeastasia;migrationStage=NotStarted}
{"logTime": "0517/095104", "correlationVector":"GTKGIpYl3t+FdFOXRY9Xlr","action":"Normal GetUpdate request", "result":"", "context":cV=GTKGIpYl3t+FdFOXRY9Xlr
Nudged types: Sessions, Device Info, User Consents
Refresh requested types: Bookmarks, Preferences, Passwords, Autofill Profiles, Autofill, Extensions, Sessions, Extension settings, History Delete Directives, Device Info, User Consents, Send Tab To Self, Web Apps, History, Saved Tab Group, WebAuthn Credentials, Collection, Edge E Drop, Edge Hub App Usage, Edge Wallet, Edge Workspace, Encryption Keys}
{"logTime": "0517/095105", "correlationVector":"GTKGIpYl3t+FdFOXRY9Xlr.1","action":"SyncServerConnectionManagerRequest", "result":"SYNC_SERVER_OK", "context":{"environment":"Prod_southeastasia_prod-s01-065-apac-southeastasia", "migrationStage":"NotStarted", "server":"akswtt00000000c"}}
{"logTime": "0517/095105", "correlationVector":"GTKGIpYl3t+FdFOXRY9Xlr.2","action":"GetUpdates Response", "result":"Success", "context":Received 0 update(s). cV=GTKGIpYl3t+FdFOXRY9Xlr.0;server=akswtt00000000c;cloudType=Consumer;environment=Prod_southeastasia_prod-s01-065-apac-southeastasia;migrationStage=NotStarted}
{"logTime": "0517/095105", "correlationVector":"9/VI/vpj42qoBKKTFkQ3Om","action":"DoCompareDataConsistency requsted types: ", "result":"Bookmarks, Preferences, Passwords, Extensions, Extension settings, History Delete Directives, Send Tab To Self, Web Apps, History, Saved Tab Group, WebAuthn Credentials, Collection, Edge E Drop, Edge Wallet, Edge Workspace, Encryption Keys"}
{"logTime": "0517/095105", "correlationVector":"9/VI/vpj42qoBKKTFkQ3Om.0","action":"CompareDataConsistency result: ", "result":"Compare result: Encryption Keys is consistent. local entities count is: 1 local entities hash is: 03XnrzFmdm3fSEdml83KZpscyks="}
{"logTime": "0517/095105", "correlationVector":"9/VI/vpj42qoBKKTFkQ3Om.1","action":"CompareDataConsistency result: ", "result":"Compare result: Bookmarks is consistent. local entities count is: 13 local entities hash is: 4d7OaqXaLxhinbbL8wT2YRlYUGU="}
{"logTime": "0517/095105", "correlationVector":"9/VI/vpj42qoBKKTFkQ3Om.2","action":"CompareDataConsistency result: ", "result":"Compare result: Preferences is consistent. local entities count is: 74 local entities hash is: RQ5qBDjqNnODwbU0XIqJOPSQnto="}
{"logTime": "0517/095105", "correlationVector":"9/VI/vpj42qoBKKTFkQ3Om.3","action":"CompareDataConsistency result: ", "result":"Compare result: Extensions is consistent. local entities count is: 1 local entities hash is: FD9ydHG9jY04FURjYpuc9M4I7fE="}
{"logTime": "0517/095105", "correlationVector":"9/VI/vpj42qoBKKTFkQ3Om.4","action":"CompareDataConsistency result: ", "result":"Compare result: Extension settings is consistent. local entities count is: 0 local entities hash is: "}
{"logTime": "0517/095105", "correlationVector":"9/VI/vpj42qoBKKTFkQ3Om.5","action":"CompareDataConsistency result: ", "result":"Compare result: History Delete Directives is consistent. local entities count is: 0 local entities hash is: "}
{"logTime": "0517/095105", "correlationVector":"9/VI/vpj42qoBKKTFkQ3Om.6","action":"CompareDataConsistency result: ", "result":"Server did not send this Send Tab To Self local entities count is: 0 local entities hash is: "}
{"logTime": "0517/095105", "correlationVector":"9/VI/vpj42qoBKKTFkQ3Om.7","action":"CompareDataConsistency result: ", "result":"Compare result: Web Apps is consistent. local entities count is: 0 local entities hash is: "}
{"logTime": "0517/095105", "correlationVector":"9/VI/vpj42qoBKKTFkQ3Om.8","action":"CompareDataConsistency result: ", "result":"Server did not send this History local entities count is: 0 local entities hash is: "}
{"logTime": "0517/095105", "correlationVector":"9/VI/vpj42qoBKKTFkQ3Om.9","action":"CompareDataConsistency result: ", "result":"Compare result: Saved Tab Group is consistent. local entities count is: 0 local entities hash is: "}
{"logTime": "0517/095105", "correlationVector":"9/VI/vpj42qoBKKTFkQ3Om.10","action":"CompareDataConsistency result: ", "result":"Server did not send this WebAuthn Credentials local entities count is: 0 local entities hash is: "}
{"logTime": "0517/095105", "correlationVector":"9/VI/vpj42qoBKKTFkQ3Om.11","action":"CompareDataConsistency result: ", "result":"Compare result: Collection is consistent. local entities count is: 0 local entities hash is: "}
{"logTime": "0517/095105", "correlationVector":"9/VI/vpj42qoBKKTFkQ3Om.12","action":"CompareDataConsistency result: ", "result":"Compare result: Edge E Drop is consistent. local entities count is: 0 local entities hash is: "}
{"logTime": "0517/095105", "correlationVector":"9/VI/vpj42qoBKKTFkQ3Om.13","action":"CompareDataConsistency result: ", "result":"Compare result: Edge Wallet is consistent. local entities count is: 0 local entities hash is: "}
{"logTime": "0517/095105", "correlationVector":"9/VI/vpj42qoBKKTFkQ3Om.14","action":"CompareDataConsistency result: ", "result":"Server did not send this Edge Workspace local entities count is: 0 local entities hash is: "}
{"logTime": "0517/095105", "correlationVector":"9/VI/vpj42qoBKKTFkQ3Om.15","action":"CompareDataConsistency result: ", "result":"Compare result: Passwords is consistent. local entities count is: 9 local entities hash is: Z3/Xkft2ayQp0oG5EO10byACraA="}
{"logTime": "0517/095105", "correlationVector":"kHZR+f+nN5bENdq4XKc9pc","action":"Commit Request", "result":"", "context":Item count: 4
Contributing types: Sessions, Device Info, User Consents}
{"logTime": "0517/095105", "correlationVector":"kHZR+f+nN5bENdq4XKc9pc.1","action":"SyncServerConnectionManagerRequest", "result":"SYNC_SERVER_OK", "context":{"environment":"Prod_southeastasia_prod-s01-065-apac-southeastasia", "migrationStage":"NotStarted", "server":"akswtt00000000j"}}
{"logTime": "0517/095105", "correlationVector":"kHZR+f+nN5bENdq4XKc9pc.2","action":"Commit Response", "result":"Success", "context":Result: Success. cV=kHZR+f+nN5bENdq4XKc9pc.0;server=akswtt00000000j;cloudType=Consumer;environment=Prod_southeastasia_prod-s01-065-apac-southeastasia;migrationStage=NotStarted}
{"logTime": "0517/095105", "correlationVector":"","action":"DIAGNOSTIC_REQUEST|v1/diagnosticData/Diagnostic.SendCheckResult()|SUCCESS", "result":""}
{"logTime": "0517/095106", "correlationVector":"jDgYQLrMbQfa7dgHRapMbH","action":"Commit Request", "result":"", "context":Item count: 2
Contributing types: Sessions, History}
{"logTime": "0517/095106", "correlationVector":"jDgYQLrMbQfa7dgHRapMbH.1","action":"SyncServerConnectionManagerRequest", "result":"SYNC_SERVER_OK", "context":{"environment":"Prod_southeastasia_prod-s01-065-apac-southeastasia", "migrationStage":"NotStarted", "server":"akswtt000000006"}}
{"logTime": "0517/095106", "correlationVector":"jDgYQLrMbQfa7dgHRapMbH.2","action":"Commit Response", "result":"Success", "context":Result: Success. cV=jDgYQLrMbQfa7dgHRapMbH.0;server=akswtt000000006;cloudType=Consumer;environment=Prod_southeastasia_prod-s01-065-apac-southeastasia;migrationStage=NotStarted}
{"logTime": "0517/095106", "correlationVector":"GqsRhf4NkYUOoSsq7a1ZxH","action":"Commit Request", "result":"", "context":Item count: 8
Contributing types: Preferences, Passwords}
{"logTime": "0517/095107", "correlationVector":"GqsRhf4NkYUOoSsq7a1ZxH.1","action":"SyncServerConnectionManagerRequest", "result":"SYNC_SERVER_OK", "context":{"environment":"Prod_southeastasia_prod-s01-065-apac-southeastasia", "migrationStage":"NotStarted", "server":"akswtt000000007"}}
{"logTime": "0517/095107", "correlationVector":"GqsRhf4NkYUOoSsq7a1ZxH.2","action":"Commit Response", "result":"Success", "context":Result: Success. cV=GqsRhf4NkYUOoSsq7a1ZxH.0;server=akswtt000000007;cloudType=Consumer;environment=Prod_southeastasia_prod-s01-065-apac-southeastasia;migrationStage=NotStarted}
{"logTime": "0517/095200", "correlationVector":"O93j2PzhnQ9r5O1NpVUM7n","action":"Commit Request", "result":"", "context":Item count: 13
Contributing types: Passwords, Sessions, History}
{"logTime": "0517/095201", "correlationVector":"O93j2PzhnQ9r5O1NpVUM7n.1","action":"SyncServerConnectionManagerRequest", "result":"SYNC_SERVER_OK", "context":{"environment":"Prod_southeastasia_prod-s01-065-apac-southeastasia", "migrationStage":"NotStarted", "server":"akswtt00000000q"}}
{"logTime": "0517/095201", "correlationVector":"O93j2PzhnQ9r5O1NpVUM7n.2","action":"Commit Response", "result":"Success", "context":Result: Success. cV=O93j2PzhnQ9r5O1NpVUM7n.0;server=akswtt00000000q;cloudType=Consumer;environment=Prod_southeastasia_prod-s01-065-apac-southeastasia;migrationStage=NotStarted}
{"logTime": "0517/115754", "correlationVector":"vr6E6VRUB1m6wIruq6L9vy","action":"Commit Request", "result":"", "context":Item count: 1
Contributing types: Sessions}
{"logTime": "0517/115755", "correlationVector":"vr6E6VRUB1m6wIruq6L9vy.1","action":"SyncServerConnectionManagerRequest", "result":"SYNC_SERVER_OK", "context":{"environment":"Prod_southeastasia_prod-s01-065-apac-southeastasia", "migrationStage":"NotStarted", "server":"akswtt000000015"}}
{"logTime": "0517/115755", "correlationVector":"vr6E6VRUB1m6wIruq6L9vy.2","action":"Commit Response", "result":"Success", "context":Result: Success. cV=vr6E6VRUB1m6wIruq6L9vy.0;server=akswtt000000015;cloudType=Consumer;environment=Prod_southeastasia_prod-s01-065-apac-southeastasia;migrationStage=NotStarted}
{"logTime": "0517/124233", "correlationVector":"svrCEyt5v6cP9J1pVkWuri","action":"Commit Request", "result":"", "context":Item count: 1
Contributing types: Sessions}
{"logTime": "0517/124233", "correlationVector":"svrCEyt5v6cP9J1pVkWuri.1","action":"SyncServerConnectionManagerRequest", "result":"SYNC_SERVER_OK", "context":{"environment":"Prod_southeastasia_prod-s01-065-apac-southeastasia", "migrationStage":"NotStarted", "server":"akswtt00000000j"}}
{"logTime": "0517/124233", "correlationVector":"svrCEyt5v6cP9J1pVkWuri.2","action":"Commit Response", "result":"Success", "context":Result: Success. cV=svrCEyt5v6cP9J1pVkWuri.0;server=akswtt00000000j;cloudType=Consumer;environment=Prod_southeastasia_prod-s01-065-apac-southeastasia;migrationStage=NotStarted}
{"logTime": "0517/132107", "correlationVector":"+gdbkTPYvG0QaRy6ZKnJks","action":"Commit Request", "result":"", "context":Item count: 1
Contributing types: Sessions}
{"logTime": "0517/132107", "correlationVector":"+gdbkTPYvG0QaRy6ZKnJks.1","action":"SyncServerConnectionManagerRequest", "result":"SYNC_SERVER_OK", "context":{"environment":"Prod_southeastasia_prod-s01-065-apac-southeastasia", "migrationStage":"NotStarted", "server":"akswtt00000000k"}}
{"logTime": "0517/132107", "correlationVector":"+gdbkTPYvG0QaRy6ZKnJks.2","action":"Commit Response", "result":"Success", "context":Result: Success. cV=+gdbkTPYvG0QaRy6ZKnJks.0;server=akswtt00000000k;cloudType=Consumer;environment=Prod_southeastasia_prod-s01-065-apac-southeastasia;migrationStage=NotStarted}
{"logTime": "0517/133727", "correlationVector":"9f6ut3/A/J2W5KWocT5L+s","action":"Commit Request", "result":"", "context":Item count: 1
Contributing types: Sessions}
{"logTime": "0517/133727", "correlationVector":"9f6ut3/A/J2W5KWocT5L+s.1","action":"SyncServerConnectionManagerRequest", "result":"SYNC_SERVER_OK", "context":{"environment":"Prod_southeastasia_prod-s01-064-apac-southeastasia", "migrationStage":"NotStarted", "server":"akswtt000000000"}}
{"logTime": "0517/133727", "correlationVector":"9f6ut3/A/J2W5KWocT5L+s.2","action":"Commit Response", "result":"Success", "context":Result: Success. cV=9f6ut3/A/J2W5KWocT5L+s.0;server=akswtt000000000;cloudType=Consumer;environment=Prod_southeastasia_prod-s01-064-apac-southeastasia;migrationStage=NotStarted}
{"logTime": "0517/145056", "correlationVector":"PUHFkWZeEQpvSu1J0r/iH2","action":"Commit Request", "result":"", "context":Item count: 7
Contributing types: Sessions, History}
{"logTime": "0517/145057", "correlationVector":"PUHFkWZeEQpvSu1J0r/iH2.1","action":"SyncServerConnectionManagerRequest", "result":"SYNC_SERVER_OK", "context":{"environment":"Prod_southeastasia_prod-s01-065-apac-southeastasia", "migrationStage":"NotStarted", "server":"akswtt00000000j"}}
{"logTime": "0517/145057", "correlationVector":"PUHFkWZeEQpvSu1J0r/iH2.2","action":"Commit Response", "result":"Success", "context":Result: Success. cV=PUHFkWZeEQpvSu1J0r/iH2.0;server=akswtt00000000j;cloudType=Consumer;environment=Prod_southeastasia_prod-s01-065-apac-southeastasia;migrationStage=NotStarted}
{"logTime": "0517/145230", "correlationVector":"mlat2uZkDc0h0AP8jJ5uT+","action":"Commit Request", "result":"", "context":Item count: 14
Contributing types: Sessions, History}
{"logTime": "0517/145232", "correlationVector":"mlat2uZkDc0h0AP8jJ5uT+.1","action":"SyncServerConnectionManagerRequest", "result":"SYNC_SERVER_OK", "context":{"environment":"Prod_southeastasia_prod-s01-065-apac-southeastasia", "migrationStage":"NotStarted", "server":"akswtt00000000j"}}
{"logTime": "0517/145232", "correlationVector":"mlat2uZkDc0h0AP8jJ5uT+.2","action":"Commit Response", "result":"Success", "context":Result: Success. cV=mlat2uZkDc0h0AP8jJ5uT+.0;server=akswtt00000000j;cloudType=Consumer;environment=Prod_southeastasia_prod-s01-065-apac-southeastasia;migrationStage=NotStarted}
{"logTime": "0517/150138", "correlationVector":"+wHKBRLikjhEdgjNLlgoBC","action":"Commit Request", "result":"", "context":Item count: 1
Contributing types: Sessions}
{"logTime": "0517/150138", "correlationVector":"+wHKBRLikjhEdgjNLlgoBC.1","action":"SyncServerConnectionManagerRequest", "result":"SYNC_SERVER_OK", "context":{"environment":"Prod_southeastasia_prod-s01-065-apac-southeastasia", "migrationStage":"NotStarted", "server":"akswtt00000000q"}}
{"logTime": "0517/150138", "correlationVector":"+wHKBRLikjhEdgjNLlgoBC.2","action":"Commit Response", "result":"Success", "context":Result: Success. cV=+wHKBRLikjhEdgjNLlgoBC.0;server=akswtt00000000q;cloudType=Consumer;environment=Prod_southeastasia_prod-s01-065-apac-southeastasia;migrationStage=NotStarted}
{"logTime": "0517/151449", "correlationVector":"QbFVSKT1WgxrBGpEPcdd9V","action":"Commit Request", "result":"", "context":Item count: 1
Contributing types: Sessions}
{"logTime": "0517/151450", "correlationVector":"QbFVSKT1WgxrBGpEPcdd9V.1","action":"SyncServerConnectionManagerRequest", "result":"SYNC_SERVER_OK", "context":{"environment":"Prod_southeastasia_prod-s01-065-apac-southeastasia", "migrationStage":"NotStarted", "server":"akswtt00000000j"}}
{"logTime": "0517/151450", "correlationVector":"QbFVSKT1WgxrBGpEPcdd9V.2","action":"Commit Response", "result":"Success", "context":Result: Success. cV=QbFVSKT1WgxrBGpEPcdd9V.0;server=akswtt00000000j;cloudType=Consumer;environment=Prod_southeastasia_prod-s01-065-apac-southeastasia;migrationStage=NotStarted}
{"logTime": "0517/152350", "correlationVector":"aihrgmkcrQpymSi3noPQr1","action":"Commit Request", "result":"", "context":Item count: 9
Contributing types: Sessions, History}
{"logTime": "0517/152351", "correlationVector":"aihrgmkcrQpymSi3noPQr1.1","action":"SyncServerConnectionManagerRequest", "result":"SYNC_SERVER_OK", "context":{"environment":"Prod_southeastasia_prod-s01-064-apac-southeastasia", "migrationStage":"NotStarted", "server":"akswtt00000000u"}}
{"logTime": "0517/152351", "correlationVector":"aihrgmkcrQpymSi3noPQr1.2","action":"Commit Response", "result":"Success", "context":Result: Success. cV=aihrgmkcrQpymSi3noPQr1.0;server=akswtt00000000u;cloudType=Consumer;environment=Prod_southeastasia_prod-s01-064-apac-southeastasia;migrationStage=NotStarted}
{"logTime": "0517/152558", "correlationVector":"6HXXBpBcxXHDJEBuBrjhi+","action":"Commit Request", "result":"", "context":Item count: 3
Contributing types: Sessions, History}
{"logTime": "0517/152559", "correlationVector":"6HXXBpBcxXHDJEBuBrjhi+.1","action":"SyncServerConnectionManagerRequest", "result":"SYNC_SERVER_OK", "context":{"environment":"Prod_southeastasia_prod-s01-065-apac-southeastasia", "migrationStage":"NotStarted", "server":"akswtt00000000n"}}
{"logTime": "0517/152559", "correlationVector":"6HXXBpBcxXHDJEBuBrjhi+.2","action":"Commit Response", "result":"Success", "context":Result: Success. cV=6HXXBpBcxXHDJEBuBrjhi+.0;server=akswtt00000000n;cloudType=Consumer;environment=Prod_southeastasia_prod-s01-065-apac-southeastasia;migrationStage=NotStarted}
{"logTime": "0517/153150", "correlationVector":"pEYUYp9M2YuED9ZDaayIk1","action":"Commit Request", "result":"", "context":Item count: 3
Contributing types: Sessions, History}
{"logTime": "0517/153150", "correlationVector":"pEYUYp9M2YuED9ZDaayIk1.1","action":"SyncServerConnectionManagerRequest", "result":"SYNC_SERVER_OK", "context":{"environment":"Prod_southeastasia_prod-s01-064-apac-southeastasia", "migrationStage":"NotStarted", "server":"akswtt000000000"}}
{"logTime": "0517/153150", "correlationVector":"pEYUYp9M2YuED9ZDaayIk1.2","action":"Commit Response", "result":"Success", "context":Result: Success. cV=pEYUYp9M2YuED9ZDaayIk1.0;server=akswtt000000000;cloudType=Consumer;environment=Prod_southeastasia_prod-s01-064-apac-southeastasia;migrationStage=NotStarted}
{"logTime": "0517/153315", "correlationVector":"8UMYHvV4zaqa1PTJcfTunb","action":"Commit Request", "result":"", "context":Item count: 5
Contributing types: Sessions, History}
{"logTime": "0517/153316", "correlationVector":"8UMYHvV4zaqa1PTJcfTunb.1","action":"SyncServerConnectionManagerRequest", "result":"SYNC_SERVER_OK", "context":{"environment":"Prod_southeastasia_prod-s01-064-apac-southeastasia", "migrationStage":"NotStarted", "server":"akswtt00000000h"}}
{"logTime": "0517/153316", "correlationVector":"8UMYHvV4zaqa1PTJcfTunb.2","action":"Commit Response", "result":"Success", "context":Result: Success. cV=8UMYHvV4zaqa1PTJcfTunb.0;server=akswtt00000000h;cloudType=Consumer;environment=Prod_southeastasia_prod-s01-064-apac-southeastasia;migrationStage=NotStarted}
