2026-05-17 09:51:00.023: [INFO][Sync] Reset engine, reason: 8
2026-05-17 09:51:00.023: [INFO][Sync] Stopped: Bookmarks
2026-05-17 09:51:00.023: [INFO][Sync] Stopped: Preferences
2026-05-17 09:51:00.023: [INFO][Sync] Stopped: Passwords
2026-05-17 09:51:00.023: [INFO][Sync] Stopped: Autofill Profiles
2026-05-17 09:51:00.023: [INFO][Sync] Stopped: Autofill
2026-05-17 09:51:00.023: [INFO][Sync] Stopped: Extensions
2026-05-17 09:51:00.023: [INFO][Sync] Stopped: Sessions
2026-05-17 09:51:00.023: [INFO][Sync] Stopped: Extension settings
2026-05-17 09:51:00.023: [INFO][Sync] Stopped: History Delete Directives
2026-05-17 09:51:00.023: [INFO][Sync] Stopped: Device Info
2026-05-17 09:51:00.023: [INFO][Sync] Stopped: User Consents
2026-05-17 09:51:00.023: [INFO][Sync] Stopped: Send Tab To Self
2026-05-17 09:51:00.023: [INFO][Sync] Stopped: Web Apps
2026-05-17 09:51:00.023: [INFO][Sync] Stopped: History
2026-05-17 09:51:00.023: [INFO][Sync] Stopped: Saved Tab Group
2026-05-17 09:51:00.023: [INFO][Sync] Stopped: WebAuthn Credentials
2026-05-17 09:51:00.023: [INFO][Sync] Stopped: Collection
2026-05-17 09:51:00.023: [INFO][Sync] Stopped: Edge E Drop
2026-05-17 09:51:00.023: [INFO][Sync] Stopped: Edge Hub App Usage
2026-05-17 09:51:00.023: [INFO][Sync] Stopped: Edge Journey
2026-05-17 09:51:00.023: [INFO][Sync] Stopped: Edge Wallet
2026-05-17 09:51:00.023: [INFO][Sync] Stopped: Edge Workspace
2026-05-17 09:51:00.023: [INFO][Sync] SyncState after authenticated was: NotSignedIn
2026-05-17 09:51:00.159: [INFO][Sync] Reset engine, reason: 8
2026-05-17 09:51:00.159: [INFO][Sync] Stopped: Bookmarks
2026-05-17 09:51:00.159: [INFO][Sync] Stopped: Preferences
2026-05-17 09:51:00.159: [INFO][Sync] Stopped: Passwords
2026-05-17 09:51:00.159: [INFO][Sync] Stopped: Autofill Profiles
2026-05-17 09:51:00.159: [INFO][Sync] Stopped: Autofill
2026-05-17 09:51:00.159: [INFO][Sync] Stopped: Extensions
2026-05-17 09:51:00.159: [INFO][Sync] Stopped: Sessions
2026-05-17 09:51:00.159: [INFO][Sync] Stopped: Extension settings
2026-05-17 09:51:00.159: [INFO][Sync] Stopped: History Delete Directives
2026-05-17 09:51:00.159: [INFO][Sync] Stopped: Device Info
2026-05-17 09:51:00.159: [INFO][Sync] Stopped: User Consents
2026-05-17 09:51:00.159: [INFO][Sync] Stopped: Send Tab To Self
2026-05-17 09:51:00.159: [INFO][Sync] Stopped: Web Apps
2026-05-17 09:51:00.159: [INFO][Sync] Stopped: History
2026-05-17 09:51:00.159: [INFO][Sync] Stopped: Saved Tab Group
2026-05-17 09:51:00.159: [INFO][Sync] Stopped: WebAuthn Credentials
2026-05-17 09:51:00.159: [INFO][Sync] Stopped: Collection
2026-05-17 09:51:00.159: [INFO][Sync] Stopped: Edge E Drop
2026-05-17 09:51:00.159: [INFO][Sync] Stopped: Edge Hub App Usage
2026-05-17 09:51:00.159: [INFO][Sync] Stopped: Edge Journey
2026-05-17 09:51:00.159: [INFO][Sync] Stopped: Edge Wallet
2026-05-17 09:51:00.159: [INFO][Sync] Stopped: Edge Workspace
2026-05-17 09:51:01.692: [INFO][Sync] Try to start sync engine
2026-05-17 09:51:01.692: [INFO][SyncManagerImpl::NudgeForInitialDownload] Initial download nudge for Encryption Keys
2026-05-17 09:51:01.692: [INFO][SyncEngineBackend::LoadAndConnectNigoriController] Load and connect Nigori controller
2026-05-17 09:51:01.692: [INFO][SyncEngineBackend::DoInitialize] Control Types added: Encryption Keys
2026-05-17 09:51:01.692: [INFO][SyncManagerImpl::ConfigureSyncer] Types to download: Encryption Keys with reason: 3
2026-05-17 09:51:01.692: [INFO][SyncSchedulerImpl::DoConfigurationSyncCycleJob] Configure job was blocked
2026-05-17 09:51:01.700: [INFO][SyncAuthManager::SetLastAuthError] Current auth error: None
2026-05-17 09:51:01.700: [INFO][SyncAuthManager::EdgeLogTokenErrorState] Token error with: None for account type: MSA
2026-05-17 09:51:01.700: [INFO][Sync] Credentials changed for: EdgeSyncScopeNew
2026-05-17 09:51:02.249: [INFO][SyncAuthManager::SetLastAuthError] Current auth error: None
2026-05-17 09:51:02.249: [INFO][SyncAuthManager::EdgeLogTokenErrorState] Token error with: None for account type: MSA
2026-05-17 09:51:02.249: [INFO][Sync] Credentials changed for: EdgeSyncKeyDataScope
2026-05-17 09:51:02.249: [INFO][SyncEngineBackend::DoUpdateKeyDataCredentials] Update key data credentials
2026-05-17 09:51:02.249: [INFO][SyncEngineBackend::DoUpdateCredentials] Update credentials
2026-05-17 09:51:02.249: [INFO][SyncSchedulerImpl::DoConfigurationSyncCycleJob] Blocked types:  and types to download: Encryption Keys
2026-05-17 09:51:02.692: [INFO][Sync] Started DataTypeManager configuration, reason: 4
2026-05-17 09:51:02.692: [INFO][Sync] Configuring for: Bookmarks, Preferences, Passwords, Autofill Profiles, Autofill, Extensions, Sessions, Extension settings, History Delete Directives, Device Info, User Consents, Send Tab To Self, Web Apps, History, Saved Tab Group, WebAuthn Credentials, Collection, Edge E Drop, Edge Hub App Usage, Edge Wallet, Edge Workspace, Encryption Keys, reason: 3, current state: 0
2026-05-17 09:51:02.692: [WARN][Sync] Crypto error data types: Passwords, Autofill Profiles, Autofill
2026-05-17 09:51:02.692: [INFO][Sync] Configure, desired: Bookmarks, Preferences, Extensions, Sessions, Extension settings, History Delete Directives, Device Info, User Consents, Send Tab To Self, Web Apps, History, Saved Tab Group, WebAuthn Credentials, Collection, Edge E Drop, Edge Hub App Usage, Edge Wallet, Edge Workspace, Encryption Keys; Allow fail: Passwords, Autofill Profiles, Autofill
2026-05-17 09:51:02.692: [INFO][Sync] Loading: Bookmarks
2026-05-17 09:51:02.692: [INFO][Sync] Loading: Preferences
2026-05-17 09:51:02.692: [INFO][Sync] Loading: Extensions
2026-05-17 09:51:02.692: [INFO][Sync] Loading: Sessions
2026-05-17 09:51:02.692: [INFO][Sync] Loading: Extension settings
2026-05-17 09:51:02.693: [INFO][Sync] Loading: History Delete Directives
2026-05-17 09:51:02.693: [INFO][Sync] Loading: Device Info
2026-05-17 09:51:02.693: [INFO][Sync] Loading: User Consents
2026-05-17 09:51:02.693: [INFO][Sync] Loading: Send Tab To Self
2026-05-17 09:51:02.693: [INFO][Sync] Loading: Web Apps
2026-05-17 09:51:02.693: [INFO][Sync] Loading: History
2026-05-17 09:51:02.693: [INFO][Sync] Loading: Saved Tab Group
2026-05-17 09:51:02.693: [INFO][Sync] Loading: WebAuthn Credentials
2026-05-17 09:51:02.693: [INFO][Sync] Loading: Collection
2026-05-17 09:51:02.693: [INFO][Sync] Loading: Edge E Drop
2026-05-17 09:51:02.693: [INFO][Sync] Loading: Edge Hub App Usage
2026-05-17 09:51:02.693: [INFO][Sync] Loading: Edge Wallet
2026-05-17 09:51:02.693: [INFO][Sync] Loading: Edge Workspace
2026-05-17 09:51:02.694: [INFO][Sync] All data types are ready for configure.
2026-05-17 09:51:03.416: [INFO][Sync] Started DataTypeManager configuration, reason: 5
2026-05-17 09:51:03.416: [INFO][Sync] Configuring for: Bookmarks, Preferences, Passwords, Autofill Profiles, Autofill, Extensions, Sessions, Extension settings, History Delete Directives, Device Info, User Consents, Send Tab To Self, Web Apps, History, Saved Tab Group, WebAuthn Credentials, Collection, Edge E Drop, Edge Hub App Usage, Edge Wallet, Edge Workspace, Encryption Keys, reason: 5, current state: 1
2026-05-17 09:51:03.418: [INFO][SyncEngineBackend::DoStartConfiguration] Start configuration
2026-05-17 09:51:03.418: [INFO][SyncManagerImpl::NudgeForInitialDownload] Initial download nudge for Bookmarks
2026-05-17 09:51:03.418: [INFO][SyncManagerImpl::NudgeForInitialDownload] Initial download nudge for Preferences
2026-05-17 09:51:03.418: [INFO][SyncManagerImpl::NudgeForInitialDownload] Initial download nudge for Extensions
2026-05-17 09:51:03.419: [INFO][SyncManagerImpl::NudgeForInitialDownload] Initial download nudge for Sessions
2026-05-17 09:51:03.419: [INFO][SyncManagerImpl::NudgeForInitialDownload] Initial download nudge for Extension settings
2026-05-17 09:51:03.419: [INFO][SyncManagerImpl::NudgeForInitialDownload] Initial download nudge for History Delete Directives
2026-05-17 09:51:03.419: [INFO][SyncManagerImpl::NudgeForInitialDownload] Initial download nudge for Device Info
2026-05-17 09:51:03.419: [INFO][SyncManagerImpl::NudgeForInitialDownload] Initial download nudge for Send Tab To Self
2026-05-17 09:51:03.419: [INFO][SyncManagerImpl::NudgeForInitialDownload] Initial download nudge for Web Apps
2026-05-17 09:51:03.419: [INFO][SyncManagerImpl::NudgeForInitialDownload] Initial download nudge for History
2026-05-17 09:51:03.419: [INFO][SyncManagerImpl::NudgeForInitialDownload] Initial download nudge for Saved Tab Group
2026-05-17 09:51:03.419: [INFO][SyncManagerImpl::NudgeForInitialDownload] Initial download nudge for WebAuthn Credentials
2026-05-17 09:51:03.419: [INFO][SyncManagerImpl::NudgeForInitialDownload] Initial download nudge for Collection
2026-05-17 09:51:03.419: [INFO][SyncManagerImpl::NudgeForInitialDownload] Initial download nudge for Edge E Drop
2026-05-17 09:51:03.419: [INFO][SyncManagerImpl::NudgeForInitialDownload] Initial download nudge for Edge Hub App Usage
2026-05-17 09:51:03.419: [INFO][SyncManagerImpl::NudgeForInitialDownload] Initial download nudge for Edge Wallet
2026-05-17 09:51:03.419: [INFO][SyncManagerImpl::NudgeForInitialDownload] Initial download nudge for Edge Workspace
2026-05-17 09:51:03.419: [INFO][SyncManagerImpl::ConfigureSyncer] Types to download:  with reason: 3
2026-05-17 09:51:03.419: [INFO][SyncEngineBackend::DoFinishConfigureDataTypes] Failed to download types:  and succeeded types: 
2026-05-17 09:51:03.419: [INFO][Sync] ConfigurationDone, failed: , succeeded: , remaining count: 4
2026-05-17 09:51:03.419: [WARN][Sync]     Reconfigure requested while configuration ongoing.
2026-05-17 09:51:03.419: [INFO][Sync] Configuring for: Bookmarks, Preferences, Passwords, Autofill Profiles, Autofill, Extensions, Sessions, Extension settings, History Delete Directives, Device Info, User Consents, Send Tab To Self, Web Apps, History, Saved Tab Group, WebAuthn Credentials, Collection, Edge E Drop, Edge Hub App Usage, Edge Wallet, Edge Workspace, Encryption Keys, reason: 5, current state: 2
2026-05-17 09:51:03.419: [INFO][Sync] Configure, desired: Bookmarks, Preferences, Passwords, Autofill Profiles, Autofill, Extensions, Sessions, Extension settings, History Delete Directives, Device Info, User Consents, Send Tab To Self, Web Apps, History, Saved Tab Group, WebAuthn Credentials, Collection, Edge E Drop, Edge Hub App Usage, Edge Wallet, Edge Workspace, Encryption Keys; Allow fail: 
2026-05-17 09:51:03.419: [INFO][Sync] Loading: Passwords
2026-05-17 09:51:03.419: [INFO][Sync] Loading: Autofill Profiles
2026-05-17 09:51:03.419: [INFO][Sync] Loading: Autofill
2026-05-17 09:51:03.419: [INFO][Sync] All data types are ready for configure.
2026-05-17 09:51:03.419: [INFO][SyncManagerImpl::NudgeForInitialDownload] Initial download nudge for Passwords
2026-05-17 09:51:03.419: [INFO][SyncManagerImpl::NudgeForInitialDownload] Initial download nudge for Autofill Profiles
2026-05-17 09:51:03.419: [INFO][SyncManagerImpl::NudgeForInitialDownload] Initial download nudge for Autofill
2026-05-17 09:51:03.419: [INFO][SyncManagerImpl::ConfigureSyncer] Types to download:  with reason: 5
2026-05-17 09:51:03.419: [INFO][SyncEngineBackend::DoFinishConfigureDataTypes] Failed to download types:  and succeeded types: 
2026-05-17 09:51:03.419: [INFO][Sync] ConfigurationDone, failed: , succeeded: , remaining count: 4
2026-05-17 09:51:03.419: [INFO][Sync] Prepare to configure types: Preferences, Passwords, Device Info, Send Tab To Self, Edge E Drop, Encryption Keys
2026-05-17 09:51:03.419: [INFO][SyncManagerImpl::ConfigureSyncer] Types to download: Preferences, Passwords, Device Info, Send Tab To Self, Edge E Drop, Encryption Keys with reason: 5
2026-05-17 09:51:03.419: [INFO][SyncSchedulerImpl::DoConfigurationSyncCycleJob] Blocked types:  and types to download: Preferences, Passwords, Device Info, Send Tab To Self, Edge E Drop, Encryption Keys
2026-05-17 09:51:03.742: [INFO][SyncEngineBackend::DoFinishConfigureDataTypes] Failed to download types:  and succeeded types: Preferences, Passwords, Device Info, Send Tab To Self, Edge E Drop, Encryption Keys
2026-05-17 09:51:03.750: [INFO][Sync] ConfigurationDone, failed: , succeeded: Preferences, Passwords, Device Info, Send Tab To Self, Edge E Drop, Encryption Keys, remaining count: 3
2026-05-17 09:51:03.750: [INFO][Sync] Prepare to configure types: Bookmarks, Encryption Keys
2026-05-17 09:51:03.750: [INFO][SyncManagerImpl::ConfigureSyncer] Types to download: Bookmarks, Encryption Keys with reason: 5
2026-05-17 09:51:03.750: [INFO][SyncSchedulerImpl::DoConfigurationSyncCycleJob] Blocked types:  and types to download: Bookmarks, Encryption Keys
2026-05-17 09:51:03.961: [INFO][SyncEngineBackend::DoFinishConfigureDataTypes] Failed to download types:  and succeeded types: Bookmarks, Encryption Keys
2026-05-17 09:51:03.962: [INFO][Sync] ConfigurationDone, failed: , succeeded: Bookmarks, Encryption Keys, remaining count: 2
2026-05-17 09:51:03.962: [INFO][Sync] Prepare to configure types: Autofill Profiles, Autofill, Extensions, Sessions, Extension settings, History Delete Directives, Web Apps, Saved Tab Group, WebAuthn Credentials, Collection, Edge Hub App Usage, Edge Wallet, Edge Workspace, Encryption Keys
2026-05-17 09:51:03.963: [INFO][SyncManagerImpl::ConfigureSyncer] Types to download: Autofill Profiles, Autofill, Extensions, Sessions, Extension settings, History Delete Directives, Web Apps, Saved Tab Group, WebAuthn Credentials, Collection, Edge Hub App Usage, Edge Wallet, Edge Workspace, Encryption Keys with reason: 5
2026-05-17 09:51:03.963: [INFO][SyncSchedulerImpl::DoConfigurationSyncCycleJob] Blocked types:  and types to download: Autofill Profiles, Autofill, Extensions, Sessions, Extension settings, History Delete Directives, Web Apps, Saved Tab Group, WebAuthn Credentials, Collection, Edge Hub App Usage, Edge Wallet, Edge Workspace, Encryption Keys
2026-05-17 09:51:04.322: [INFO][SyncEngineBackend::DoFinishConfigureDataTypes] Failed to download types:  and succeeded types: Autofill Profiles, Autofill, Extensions, Sessions, Extension settings, History Delete Directives, Web Apps, Saved Tab Group, WebAuthn Credentials, Collection, Edge Hub App Usage, Edge Wallet, Edge Workspace, Encryption Keys
2026-05-17 09:51:04.325: [INFO][Sync] ConfigurationDone, failed: , succeeded: Autofill Profiles, Autofill, Extensions, Sessions, Extension settings, History Delete Directives, Web Apps, Saved Tab Group, WebAuthn Credentials, Collection, Edge Hub App Usage, Edge Wallet, Edge Workspace, Encryption Keys, remaining count: 1
2026-05-17 09:51:04.328: [INFO][Sync] Prepare to configure types: History, Encryption Keys
2026-05-17 09:51:04.328: [INFO][SyncManagerImpl::ConfigureSyncer] Types to download: History, Encryption Keys with reason: 5
2026-05-17 09:51:04.328: [INFO][SyncSchedulerImpl::DoConfigurationSyncCycleJob] Blocked types:  and types to download: History, Encryption Keys
2026-05-17 09:51:04.588: [INFO][SyncEngineBackend::DoFinishConfigureDataTypes] Failed to download types:  and succeeded types: History, Encryption Keys
2026-05-17 09:51:04.590: [INFO][Sync] ConfigurationDone, failed: , succeeded: History, Encryption Keys, remaining count: 0
2026-05-17 09:51:04.591: [INFO][Sync]     Configuration completed, state: 7
2026-05-17 09:51:04.591: [INFO][Sync] Configured DataTypeManager: Ok
2026-05-17 09:51:04.592: [INFO][SyncEngineBackend::DoStartSyncing] Start syncing
2026-05-17 15:36:24.446: [INFO][Sync] Reset engine, reason: 0
2026-05-17 15:36:24.446: [INFO][Sync] Reset engine with reason: 0
2026-05-18 14:33:11.189: [INFO][Sync] SyncState after authenticated was: FeatureCanStart
2026-05-18 14:33:12.277: [INFO][SyncAuthManager::SetLastAuthError] Current auth error: None
2026-05-18 14:33:12.277: [INFO][SyncAuthManager::EdgeLogTokenErrorState] Token error with: None for account type: MSA
2026-05-18 14:33:12.277: [INFO][Sync] Credentials changed for: EdgeSyncKeyDataScope
2026-05-18 14:33:15.851: [INFO][Sync] Try to start sync engine
2026-05-18 14:33:15.852: [INFO][SyncManagerImpl::NudgeForInitialDownload] Initial download nudge for Encryption Keys
2026-05-18 14:33:15.852: [INFO][SyncEngineBackend::LoadAndConnectNigoriController] Load and connect Nigori controller
2026-05-18 14:33:15.852: [INFO][SyncEngineBackend::DoInitialize] Control Types added: Encryption Keys
2026-05-18 14:33:15.852: [INFO][SyncManagerImpl::ConfigureSyncer] Types to download: Encryption Keys with reason: 3
2026-05-18 14:33:15.852: [INFO][SyncEngineBackend::DoUpdateKeyDataCredentials] Update key data credentials
2026-05-18 14:33:15.852: [INFO][SyncSchedulerImpl::DoConfigurationSyncCycleJob] Configure job was blocked
2026-05-18 14:33:15.862: [INFO][SyncAuthManager::SetLastAuthError] Current auth error: None
2026-05-18 14:33:15.863: [INFO][SyncAuthManager::EdgeLogTokenErrorState] Token error with: None for account type: MSA
2026-05-18 14:33:15.863: [INFO][Sync] Credentials changed for: EdgeSyncScopeNew
2026-05-18 14:33:15.863: [INFO][SyncEngineBackend::DoUpdateCredentials] Update credentials
2026-05-18 14:33:15.863: [INFO][SyncEngineBackend::DoUpdateKeyDataCredentials] Update key data credentials
2026-05-18 14:33:15.863: [INFO][SyncSchedulerImpl::DoConfigurationSyncCycleJob] Blocked types:  and types to download: Encryption Keys
2026-05-18 14:33:16.032: [INFO][Sync] Started DataTypeManager configuration, reason: 4
2026-05-18 14:33:16.032: [INFO][Sync] Configuring for: Bookmarks, Preferences, Passwords, Autofill Profiles, Autofill, Extensions, Sessions, Extension settings, History Delete Directives, Device Info, User Consents, Send Tab To Self, Web Apps, History, Saved Tab Group, WebAuthn Credentials, Collection, Edge E Drop, Edge Hub App Usage, Edge Wallet, Edge Workspace, Encryption Keys, reason: 4, current state: 0
2026-05-18 14:33:16.032: [WARN][Sync] Crypto error data types: Passwords, Autofill Profiles, Autofill
2026-05-18 14:33:16.033: [INFO][Sync] Configure, desired: Bookmarks, Preferences, Extensions, Sessions, Extension settings, History Delete Directives, Device Info, User Consents, Send Tab To Self, Web Apps, History, Saved Tab Group, WebAuthn Credentials, Collection, Edge E Drop, Edge Hub App Usage, Edge Wallet, Edge Workspace, Encryption Keys; Allow fail: Passwords, Autofill Profiles, Autofill
2026-05-18 14:33:16.033: [INFO][Sync] Loading: Bookmarks
2026-05-18 14:33:16.033: [INFO][Sync] Loading: Preferences
2026-05-18 14:33:16.033: [INFO][Sync] Loading: Extensions
2026-05-18 14:33:16.033: [INFO][Sync] Loading: Sessions
2026-05-18 14:33:16.033: [INFO][Sync] Loading: Extension settings
2026-05-18 14:33:16.033: [INFO][Sync] Loading: History Delete Directives
2026-05-18 14:33:16.033: [INFO][Sync] Loading: Device Info
2026-05-18 14:33:16.033: [INFO][Sync] Loading: User Consents
2026-05-18 14:33:16.033: [INFO][Sync] Loading: Send Tab To Self
2026-05-18 14:33:16.033: [INFO][Sync] Loading: Web Apps
2026-05-18 14:33:16.033: [INFO][Sync] Loading: History
2026-05-18 14:33:16.033: [INFO][Sync] Loading: Saved Tab Group
2026-05-18 14:33:16.033: [INFO][Sync] Loading: WebAuthn Credentials
2026-05-18 14:33:16.033: [INFO][Sync] Loading: Collection
2026-05-18 14:33:16.033: [INFO][Sync] Loading: Edge E Drop
2026-05-18 14:33:16.033: [INFO][Sync] Loading: Edge Hub App Usage
2026-05-18 14:33:16.033: [INFO][Sync] Loading: Edge Wallet
2026-05-18 14:33:16.033: [INFO][Sync] Loading: Edge Workspace
2026-05-18 14:33:16.040: [INFO][Sync] All data types are ready for configure.
2026-05-18 14:33:16.319: [INFO][Sync] Started DataTypeManager configuration, reason: 5
2026-05-18 14:33:16.319: [INFO][Sync] Configuring for: Bookmarks, Preferences, Passwords, Autofill Profiles, Autofill, Extensions, Sessions, Extension settings, History Delete Directives, Device Info, User Consents, Send Tab To Self, Web Apps, History, Saved Tab Group, WebAuthn Credentials, Collection, Edge E Drop, Edge Hub App Usage, Edge Wallet, Edge Workspace, Encryption Keys, reason: 5, current state: 1
2026-05-18 14:33:16.321: [INFO][SyncEngineBackend::DoStartConfiguration] Start configuration
2026-05-18 14:33:16.321: [INFO][SyncManagerImpl::ConfigureSyncer] Types to download:  with reason: 4
2026-05-18 14:33:16.321: [INFO][SyncEngineBackend::DoFinishConfigureDataTypes] Failed to download types:  and succeeded types: 
2026-05-18 14:33:16.322: [INFO][Sync] ConfigurationDone, failed: , succeeded: , remaining count: 4
2026-05-18 14:33:16.322: [WARN][Sync]     Reconfigure requested while configuration ongoing.
2026-05-18 14:33:16.322: [INFO][Sync] Configuring for: Bookmarks, Preferences, Passwords, Autofill Profiles, Autofill, Extensions, Sessions, Extension settings, History Delete Directives, Device Info, User Consents, Send Tab To Self, Web Apps, History, Saved Tab Group, WebAuthn Credentials, Collection, Edge E Drop, Edge Hub App Usage, Edge Wallet, Edge Workspace, Encryption Keys, reason: 5, current state: 2
2026-05-18 14:33:16.322: [INFO][Sync] Configure, desired: Bookmarks, Preferences, Passwords, Autofill Profiles, Autofill, Extensions, Sessions, Extension settings, History Delete Directives, Device Info, User Consents, Send Tab To Self, Web Apps, History, Saved Tab Group, WebAuthn Credentials, Collection, Edge E Drop, Edge Hub App Usage, Edge Wallet, Edge Workspace, Encryption Keys; Allow fail: 
2026-05-18 14:33:16.322: [INFO][Sync] Loading: Passwords
2026-05-18 14:33:16.322: [INFO][Sync] Loading: Autofill Profiles
2026-05-18 14:33:16.322: [INFO][Sync] Loading: Autofill
2026-05-18 14:33:16.322: [INFO][Sync] All data types are ready for configure.
2026-05-18 14:33:16.322: [INFO][SyncManagerImpl::NudgeForInitialDownload] Initial download nudge for Passwords
2026-05-18 14:33:16.322: [INFO][SyncManagerImpl::ConfigureSyncer] Types to download:  with reason: 5
2026-05-18 14:33:16.322: [INFO][SyncEngineBackend::DoFinishConfigureDataTypes] Failed to download types:  and succeeded types: 
2026-05-18 14:33:16.322: [INFO][Sync] ConfigurationDone, failed: , succeeded: , remaining count: 4
2026-05-18 14:33:16.322: [INFO][Sync] Prepare to configure types: Passwords, Encryption Keys
2026-05-18 14:33:16.322: [INFO][SyncManagerImpl::ConfigureSyncer] Types to download: Passwords, Encryption Keys with reason: 5
2026-05-18 14:33:16.322: [INFO][SyncSchedulerImpl::DoConfigurationSyncCycleJob] Blocked types:  and types to download: Passwords, Encryption Keys
2026-05-18 14:33:16.395: [INFO][SyncEngineBackend::DoFinishConfigureDataTypes] Failed to download types:  and succeeded types: Passwords, Encryption Keys
2026-05-18 14:33:16.396: [INFO][Sync] ConfigurationDone, failed: , succeeded: Passwords, Encryption Keys, remaining count: 3
2026-05-18 14:33:16.396: [INFO][SyncManagerImpl::ConfigureSyncer] Types to download:  with reason: 5
2026-05-18 14:33:16.396: [INFO][SyncEngineBackend::DoFinishConfigureDataTypes] Failed to download types:  and succeeded types: 
2026-05-18 14:33:16.396: [INFO][Sync] ConfigurationDone, failed: , succeeded: , remaining count: 2
2026-05-18 14:33:16.396: [INFO][SyncManagerImpl::ConfigureSyncer] Types to download:  with reason: 5
2026-05-18 14:33:16.396: [INFO][SyncEngineBackend::DoFinishConfigureDataTypes] Failed to download types:  and succeeded types: 
2026-05-18 14:33:16.396: [INFO][Sync] ConfigurationDone, failed: , succeeded: , remaining count: 1
2026-05-18 14:33:16.397: [INFO][SyncManagerImpl::ConfigureSyncer] Types to download:  with reason: 5
2026-05-18 14:33:16.397: [INFO][SyncEngineBackend::DoFinishConfigureDataTypes] Failed to download types:  and succeeded types: 
2026-05-18 14:33:16.399: [INFO][Sync] ConfigurationDone, failed: , succeeded: , remaining count: 0
2026-05-18 14:33:16.400: [INFO][Sync]     Configuration completed, state: 7
2026-05-18 14:33:16.400: [INFO][Sync] Configured DataTypeManager: Ok
2026-05-18 14:33:16.402: [INFO][SyncEngineBackend::DoStartSyncing] Start syncing
2026-05-18 16:04:37.352: [INFO][Sync] Reset engine, reason: 0
2026-05-18 16:04:37.352: [INFO][Sync] Reset engine with reason: 0
2026-05-18 16:56:25.500: [INFO][Sync] Reset engine, reason: 8
2026-05-18 16:56:25.500: [INFO][Sync] Stopped: Bookmarks
2026-05-18 16:56:25.500: [INFO][Sync] Stopped: Preferences
2026-05-18 16:56:25.500: [INFO][Sync] Stopped: Passwords
2026-05-18 16:56:25.500: [INFO][Sync] Stopped: Autofill Profiles
2026-05-18 16:56:25.500: [INFO][Sync] Stopped: Autofill
2026-05-18 16:56:25.500: [INFO][Sync] Stopped: Extensions
2026-05-18 16:56:25.500: [INFO][Sync] Stopped: Sessions
2026-05-18 16:56:25.500: [INFO][Sync] Stopped: Extension settings
2026-05-18 16:56:25.500: [INFO][Sync] Stopped: History Delete Directives
2026-05-18 16:56:25.500: [INFO][Sync] Stopped: Device Info
2026-05-18 16:56:25.500: [INFO][Sync] Stopped: User Consents
2026-05-18 16:56:25.500: [INFO][Sync] Stopped: Send Tab To Self
2026-05-18 16:56:25.500: [INFO][Sync] Stopped: Web Apps
2026-05-18 16:56:25.500: [INFO][Sync] Stopped: History
2026-05-18 16:56:25.500: [INFO][Sync] Stopped: Saved Tab Group
2026-05-18 16:56:25.500: [INFO][Sync] Stopped: WebAuthn Credentials
2026-05-18 16:56:25.500: [INFO][Sync] Stopped: Collection
2026-05-18 16:56:25.500: [INFO][Sync] Stopped: Edge E Drop
2026-05-18 16:56:25.500: [INFO][Sync] Stopped: Edge Hub App Usage
2026-05-18 16:56:25.500: [INFO][Sync] Stopped: Edge Journey
2026-05-18 16:56:25.500: [INFO][Sync] Stopped: Edge Wallet
2026-05-18 16:56:25.500: [INFO][Sync] Stopped: Edge Workspace
2026-05-18 16:56:25.500: [INFO][Sync] SyncState after authenticated was: NotSignedIn
2026-05-18 16:56:25.606: [INFO][Sync] Reset engine, reason: 8
2026-05-18 16:56:25.606: [INFO][Sync] Stopped: Bookmarks
2026-05-18 16:56:25.606: [INFO][Sync] Stopped: Preferences
2026-05-18 16:56:25.606: [INFO][Sync] Stopped: Passwords
2026-05-18 16:56:25.606: [INFO][Sync] Stopped: Autofill Profiles
2026-05-18 16:56:25.606: [INFO][Sync] Stopped: Autofill
2026-05-18 16:56:25.606: [INFO][Sync] Stopped: Extensions
2026-05-18 16:56:25.606: [INFO][Sync] Stopped: Sessions
2026-05-18 16:56:25.606: [INFO][Sync] Stopped: Extension settings
2026-05-18 16:56:25.606: [INFO][Sync] Stopped: History Delete Directives
2026-05-18 16:56:25.606: [INFO][Sync] Stopped: Device Info
2026-05-18 16:56:25.606: [INFO][Sync] Stopped: User Consents
2026-05-18 16:56:25.606: [INFO][Sync] Stopped: Send Tab To Self
2026-05-18 16:56:25.606: [INFO][Sync] Stopped: Web Apps
2026-05-18 16:56:25.606: [INFO][Sync] Stopped: History
2026-05-18 16:56:25.606: [INFO][Sync] Stopped: Saved Tab Group
2026-05-18 16:56:25.606: [INFO][Sync] Stopped: WebAuthn Credentials
2026-05-18 16:56:25.606: [INFO][Sync] Stopped: Collection
2026-05-18 16:56:25.606: [INFO][Sync] Stopped: Edge E Drop
2026-05-18 16:56:25.606: [INFO][Sync] Stopped: Edge Hub App Usage
2026-05-18 16:56:25.606: [INFO][Sync] Stopped: Edge Journey
2026-05-18 16:56:25.606: [INFO][Sync] Stopped: Edge Wallet
2026-05-18 16:56:25.606: [INFO][Sync] Stopped: Edge Workspace
2026-05-18 16:56:27.050: [INFO][Sync] Try to start sync engine
2026-05-18 16:56:27.050: [INFO][SyncManagerImpl::NudgeForInitialDownload] Initial download nudge for Encryption Keys
2026-05-18 16:56:27.050: [INFO][SyncEngineBackend::LoadAndConnectNigoriController] Load and connect Nigori controller
2026-05-18 16:56:27.050: [INFO][SyncEngineBackend::DoInitialize] Control Types added: Encryption Keys
2026-05-18 16:56:27.050: [INFO][SyncManagerImpl::ConfigureSyncer] Types to download: Encryption Keys with reason: 3
2026-05-18 16:56:27.050: [INFO][SyncSchedulerImpl::DoConfigurationSyncCycleJob] Configure job was blocked
2026-05-18 16:56:27.063: [INFO][SyncAuthManager::SetLastAuthError] Current auth error: None
2026-05-18 16:56:27.063: [INFO][SyncAuthManager::EdgeLogTokenErrorState] Token error with: None for account type: MSA
2026-05-18 16:56:27.063: [INFO][Sync] Credentials changed for: EdgeSyncScopeNew
2026-05-18 16:56:27.576: [INFO][SyncAuthManager::SetLastAuthError] Current auth error: None
2026-05-18 16:56:27.576: [INFO][SyncAuthManager::EdgeLogTokenErrorState] Token error with: None for account type: MSA
2026-05-18 16:56:27.576: [INFO][Sync] Credentials changed for: EdgeSyncKeyDataScope
2026-05-18 16:56:27.576: [INFO][SyncEngineBackend::DoUpdateKeyDataCredentials] Update key data credentials
2026-05-18 16:56:27.576: [INFO][SyncEngineBackend::DoUpdateCredentials] Update credentials
2026-05-18 16:56:27.576: [INFO][SyncSchedulerImpl::DoConfigurationSyncCycleJob] Blocked types:  and types to download: Encryption Keys
2026-05-18 16:56:28.026: [INFO][Sync] Started DataTypeManager configuration, reason: 4
2026-05-18 16:56:28.026: [INFO][Sync] Configuring for: Bookmarks, Preferences, Passwords, Autofill Profiles, Autofill, Extensions, Sessions, Extension settings, History Delete Directives, Device Info, User Consents, Send Tab To Self, Web Apps, History, Saved Tab Group, WebAuthn Credentials, Collection, Edge E Drop, Edge Hub App Usage, Edge Wallet, Edge Workspace, Encryption Keys, reason: 4, current state: 0
2026-05-18 16:56:28.026: [WARN][Sync] Crypto error data types: Passwords, Autofill Profiles, Autofill
2026-05-18 16:56:28.027: [INFO][Sync] Configure, desired: Bookmarks, Preferences, Extensions, Sessions, Extension settings, History Delete Directives, Device Info, User Consents, Send Tab To Self, Web Apps, History, Saved Tab Group, WebAuthn Credentials, Collection, Edge E Drop, Edge Hub App Usage, Edge Wallet, Edge Workspace, Encryption Keys; Allow fail: Passwords, Autofill Profiles, Autofill
2026-05-18 16:56:28.027: [INFO][Sync] Loading: Bookmarks
2026-05-18 16:56:28.027: [INFO][Sync] Loading: Preferences
2026-05-18 16:56:28.027: [INFO][Sync] Loading: Extensions
2026-05-18 16:56:28.027: [INFO][Sync] Loading: Sessions
2026-05-18 16:56:28.027: [INFO][Sync] Loading: Extension settings
2026-05-18 16:56:28.027: [INFO][Sync] Loading: History Delete Directives
2026-05-18 16:56:28.027: [INFO][Sync] Loading: Device Info
2026-05-18 16:56:28.027: [INFO][Sync] Loading: User Consents
2026-05-18 16:56:28.027: [INFO][Sync] Loading: Send Tab To Self
2026-05-18 16:56:28.027: [INFO][Sync] Loading: Web Apps
2026-05-18 16:56:28.027: [INFO][Sync] Loading: History
2026-05-18 16:56:28.027: [INFO][Sync] Loading: Saved Tab Group
2026-05-18 16:56:28.027: [INFO][Sync] Loading: WebAuthn Credentials
2026-05-18 16:56:28.027: [INFO][Sync] Loading: Collection
2026-05-18 16:56:28.027: [INFO][Sync] Loading: Edge E Drop
2026-05-18 16:56:28.027: [INFO][Sync] Loading: Edge Hub App Usage
2026-05-18 16:56:28.027: [INFO][Sync] Loading: Edge Wallet
2026-05-18 16:56:28.027: [INFO][Sync] Loading: Edge Workspace
2026-05-18 16:56:28.029: [INFO][Sync] All data types are ready for configure.
2026-05-18 16:56:28.310: [INFO][Sync] Started DataTypeManager configuration, reason: 5
2026-05-18 16:56:28.310: [INFO][Sync] Configuring for: Bookmarks, Preferences, Passwords, Autofill Profiles, Autofill, Extensions, Sessions, Extension settings, History Delete Directives, Device Info, User Consents, Send Tab To Self, Web Apps, History, Saved Tab Group, WebAuthn Credentials, Collection, Edge E Drop, Edge Hub App Usage, Edge Wallet, Edge Workspace, Encryption Keys, reason: 5, current state: 1
2026-05-18 16:56:28.313: [INFO][SyncEngineBackend::DoStartConfiguration] Start configuration
2026-05-18 16:56:28.313: [INFO][SyncManagerImpl::NudgeForInitialDownload] Initial download nudge for Bookmarks
2026-05-18 16:56:28.313: [INFO][SyncManagerImpl::NudgeForInitialDownload] Initial download nudge for Preferences
2026-05-18 16:56:28.313: [INFO][SyncManagerImpl::NudgeForInitialDownload] Initial download nudge for Extensions
2026-05-18 16:56:28.313: [INFO][SyncManagerImpl::NudgeForInitialDownload] Initial download nudge for Sessions
2026-05-18 16:56:28.313: [INFO][SyncManagerImpl::NudgeForInitialDownload] Initial download nudge for Extension settings
2026-05-18 16:56:28.313: [INFO][SyncManagerImpl::NudgeForInitialDownload] Initial download nudge for History Delete Directives
2026-05-18 16:56:28.313: [INFO][SyncManagerImpl::NudgeForInitialDownload] Initial download nudge for Device Info
2026-05-18 16:56:28.313: [INFO][SyncManagerImpl::NudgeForInitialDownload] Initial download nudge for Send Tab To Self
2026-05-18 16:56:28.313: [INFO][SyncManagerImpl::NudgeForInitialDownload] Initial download nudge for Web Apps
2026-05-18 16:56:28.313: [INFO][SyncManagerImpl::NudgeForInitialDownload] Initial download nudge for History
2026-05-18 16:56:28.313: [INFO][SyncManagerImpl::NudgeForInitialDownload] Initial download nudge for Saved Tab Group
2026-05-18 16:56:28.313: [INFO][SyncManagerImpl::NudgeForInitialDownload] Initial download nudge for WebAuthn Credentials
2026-05-18 16:56:28.313: [INFO][SyncManagerImpl::NudgeForInitialDownload] Initial download nudge for Collection
2026-05-18 16:56:28.313: [INFO][SyncManagerImpl::NudgeForInitialDownload] Initial download nudge for Edge E Drop
2026-05-18 16:56:28.313: [INFO][SyncManagerImpl::NudgeForInitialDownload] Initial download nudge for Edge Hub App Usage
2026-05-18 16:56:28.313: [INFO][SyncManagerImpl::NudgeForInitialDownload] Initial download nudge for Edge Wallet
2026-05-18 16:56:28.313: [INFO][SyncManagerImpl::NudgeForInitialDownload] Initial download nudge for Edge Workspace
2026-05-18 16:56:28.313: [INFO][SyncManagerImpl::ConfigureSyncer] Types to download:  with reason: 4
2026-05-18 16:56:28.313: [INFO][SyncEngineBackend::DoFinishConfigureDataTypes] Failed to download types:  and succeeded types: 
2026-05-18 16:56:28.313: [INFO][Sync] ConfigurationDone, failed: , succeeded: , remaining count: 4
2026-05-18 16:56:28.313: [WARN][Sync]     Reconfigure requested while configuration ongoing.
2026-05-18 16:56:28.313: [INFO][Sync] Configuring for: Bookmarks, Preferences, Passwords, Autofill Profiles, Autofill, Extensions, Sessions, Extension settings, History Delete Directives, Device Info, User Consents, Send Tab To Self, Web Apps, History, Saved Tab Group, WebAuthn Credentials, Collection, Edge E Drop, Edge Hub App Usage, Edge Wallet, Edge Workspace, Encryption Keys, reason: 5, current state: 2
2026-05-18 16:56:28.313: [INFO][Sync] Configure, desired: Bookmarks, Preferences, Passwords, Autofill Profiles, Autofill, Extensions, Sessions, Extension settings, History Delete Directives, Device Info, User Consents, Send Tab To Self, Web Apps, History, Saved Tab Group, WebAuthn Credentials, Collection, Edge E Drop, Edge Hub App Usage, Edge Wallet, Edge Workspace, Encryption Keys; Allow fail: 
2026-05-18 16:56:28.313: [INFO][Sync] Loading: Passwords
2026-05-18 16:56:28.313: [INFO][Sync] Loading: Autofill Profiles
2026-05-18 16:56:28.313: [INFO][Sync] Loading: Autofill
2026-05-18 16:56:28.314: [INFO][Sync] All data types are ready for configure.
2026-05-18 16:56:28.314: [INFO][SyncManagerImpl::NudgeForInitialDownload] Initial download nudge for Passwords
2026-05-18 16:56:28.314: [INFO][SyncManagerImpl::NudgeForInitialDownload] Initial download nudge for Autofill Profiles
2026-05-18 16:56:28.314: [INFO][SyncManagerImpl::NudgeForInitialDownload] Initial download nudge for Autofill
2026-05-18 16:56:28.314: [INFO][SyncManagerImpl::ConfigureSyncer] Types to download:  with reason: 5
2026-05-18 16:56:28.314: [INFO][SyncEngineBackend::DoFinishConfigureDataTypes] Failed to download types:  and succeeded types: 
2026-05-18 16:56:28.314: [INFO][Sync] ConfigurationDone, failed: , succeeded: , remaining count: 4
2026-05-18 16:56:28.314: [INFO][Sync] Prepare to configure types: Preferences, Passwords, Device Info, Send Tab To Self, Edge E Drop, Encryption Keys
2026-05-18 16:56:28.314: [INFO][SyncManagerImpl::ConfigureSyncer] Types to download: Preferences, Passwords, Device Info, Send Tab To Self, Edge E Drop, Encryption Keys with reason: 5
2026-05-18 16:56:28.314: [INFO][SyncSchedulerImpl::DoConfigurationSyncCycleJob] Blocked types:  and types to download: Preferences, Passwords, Device Info, Send Tab To Self, Edge E Drop, Encryption Keys
2026-05-18 16:56:28.683: [INFO][SyncEngineBackend::DoFinishConfigureDataTypes] Failed to download types:  and succeeded types: Preferences, Passwords, Device Info, Send Tab To Self, Edge E Drop, Encryption Keys
2026-05-18 16:56:28.685: [INFO][Sync] ConfigurationDone, failed: , succeeded: Preferences, Passwords, Device Info, Send Tab To Self, Edge E Drop, Encryption Keys, remaining count: 3
2026-05-18 16:56:28.685: [INFO][Sync] Prepare to configure types: Bookmarks, Encryption Keys
2026-05-18 16:56:28.685: [INFO][SyncManagerImpl::ConfigureSyncer] Types to download: Bookmarks, Encryption Keys with reason: 5
2026-05-18 16:56:28.685: [INFO][SyncSchedulerImpl::DoConfigurationSyncCycleJob] Blocked types:  and types to download: Bookmarks, Encryption Keys
2026-05-18 16:56:28.917: [INFO][SyncEngineBackend::DoFinishConfigureDataTypes] Failed to download types:  and succeeded types: Bookmarks, Encryption Keys
2026-05-18 16:56:28.918: [INFO][Sync] ConfigurationDone, failed: , succeeded: Bookmarks, Encryption Keys, remaining count: 2
2026-05-18 16:56:28.918: [INFO][Sync] Prepare to configure types: Autofill Profiles, Autofill, Extensions, Sessions, Extension settings, History Delete Directives, Web Apps, Saved Tab Group, WebAuthn Credentials, Collection, Edge Hub App Usage, Edge Wallet, Edge Workspace, Encryption Keys
2026-05-18 16:56:28.918: [INFO][SyncManagerImpl::ConfigureSyncer] Types to download: Autofill Profiles, Autofill, Extensions, Sessions, Extension settings, History Delete Directives, Web Apps, Saved Tab Group, WebAuthn Credentials, Collection, Edge Hub App Usage, Edge Wallet, Edge Workspace, Encryption Keys with reason: 5
2026-05-18 16:56:28.919: [INFO][SyncSchedulerImpl::DoConfigurationSyncCycleJob] Blocked types:  and types to download: Autofill Profiles, Autofill, Extensions, Sessions, Extension settings, History Delete Directives, Web Apps, Saved Tab Group, WebAuthn Credentials, Collection, Edge Hub App Usage, Edge Wallet, Edge Workspace, Encryption Keys
2026-05-18 16:56:29.207: [INFO][SyncEngineBackend::DoFinishConfigureDataTypes] Failed to download types:  and succeeded types: Autofill Profiles, Autofill, Extensions, Sessions, Extension settings, History Delete Directives, Web Apps, Saved Tab Group, WebAuthn Credentials, Collection, Edge Hub App Usage, Edge Wallet, Edge Workspace, Encryption Keys
2026-05-18 16:56:29.208: [INFO][Sync] ConfigurationDone, failed: , succeeded: Autofill Profiles, Autofill, Extensions, Sessions, Extension settings, History Delete Directives, Web Apps, Saved Tab Group, WebAuthn Credentials, Collection, Edge Hub App Usage, Edge Wallet, Edge Workspace, Encryption Keys, remaining count: 1
2026-05-18 16:56:29.209: [INFO][Sync] Prepare to configure types: History, Encryption Keys
2026-05-18 16:56:29.209: [INFO][SyncManagerImpl::ConfigureSyncer] Types to download: History, Encryption Keys with reason: 5
2026-05-18 16:56:29.210: [INFO][SyncSchedulerImpl::DoConfigurationSyncCycleJob] Blocked types:  and types to download: History, Encryption Keys
2026-05-18 16:56:29.559: [INFO][SyncEngineBackend::DoFinishConfigureDataTypes] Failed to download types:  and succeeded types: History, Encryption Keys
2026-05-18 16:56:29.560: [INFO][Sync] ConfigurationDone, failed: , succeeded: History, Encryption Keys, remaining count: 0
2026-05-18 16:56:29.561: [INFO][Sync]     Configuration completed, state: 7
2026-05-18 16:56:29.562: [INFO][Sync] Configured DataTypeManager: Ok
2026-05-18 16:56:29.563: [INFO][SyncEngineBackend::DoStartSyncing] Start syncing
2026-05-18 16:57:20.000: [INFO][Sync] Reset engine, reason: 0
2026-05-18 16:57:20.000: [INFO][Sync] Reset engine with reason: 0
